2022-09-14 00:01:42,455 - root - INFO - *** Arguments ***
2022-09-14 00:01:42,456 - root - INFO - Namespace(aggregator='last', backprop_every=1, data='wikipedia', different_new_nodes=False, drop_out=0.1, dyrep=False, embedding_module='graph_attention', gpu=0, lr=0.0001, memory_dim=172, memory_update_at_end=False, memory_updater='gru', message_dim=100, message_function='identity', model='tgn', n_degree=10, n_head=2, n_layer=1, n_runs=5, neg_sample='hist_nre', node_dim=100, randomize_features=False, test_ratio=0.15, time_dim=100, uniform=False, use_destination_embedding_in_message=False, use_memory=True, use_source_embedding_in_message=False, val_ratio=0.15)
2022-09-14 00:01:44,367 - root - INFO - Negative Edge Sampling: hist_nre
2022-09-14 00:01:45,200 - root - INFO - ************************************
2022-09-14 00:01:45,200 - root - INFO - *********** Test starts *************
2022-09-14 00:01:45,200 - root - INFO - ************************************
2022-09-14 00:01:45,200 - root - INFO - *********** Run 0 starts *************
2022-09-14 00:02:19,432 - root - INFO - Performance of the tgn model for the test set.
2022-09-14 00:02:19,433 - root - INFO - Network Name: wikipedia, Model: tgn
2022-09-14 00:02:19,433 - root - INFO - Test statistics: *** Old Nodes (Transductive) ***
2022-09-14 00:02:19,433 - root - INFO - Test statistics: Old nodes -- auc_inherent: 0.8480494697879152
2022-09-14 00:02:19,433 - root - INFO - Test statistics: Old nodes -- ap_inherent: 0.8881568789779628
2022-09-14 00:02:19,433 - root - INFO - Test statistics: New nodes -- auc_inherent: 0.7286084003164222
2022-09-14 00:02:19,433 - root - INFO - Test statistics: New nodes -- ap_inherent: 0.8019948417734232
2022-09-14 00:02:19,433 - root - INFO - Test statistics: Old nodes -- ap: 0.8881568789779628
2022-09-14 00:02:19,433 - root - INFO - Test statistics: Old nodes -- au_roc_score: 0.8480494697879152
2022-09-14 00:02:19,433 - root - INFO - Test statistics: Old nodes -- opt_thr_au_roc: 0.9496816992759705
2022-09-14 00:02:19,433 - root - INFO - Test statistics: Old nodes -- acc_auroc_opt_thr: 0.8145868347338935
2022-09-14 00:02:19,434 - root - INFO - Test statistics: Old nodes -- prec_auroc_opt_thr: 0.9030825400128445
2022-09-14 00:02:19,434 - root - INFO - Test statistics: Old nodes -- rec_auroc_opt_thr: 0.7065926370548221
2022-09-14 00:02:19,434 - root - INFO - Test statistics: Old nodes -- f1_auroc_opt_thr: 0.7910675768271793
2022-09-14 00:02:19,434 - root - INFO - Test statistics: Old nodes -- au_pr_score: 0.8878824653146993
2022-09-14 00:02:19,434 - root - INFO - Test statistics: Old nodes -- opt_thr_au_pr: 0.9239749908447266
2022-09-14 00:02:19,434 - root - INFO - Test statistics: Old nodes -- acc_aupr_opt_thr: 0.8106792717086834
2022-09-14 00:02:19,434 - root - INFO - Test statistics: Old nodes -- prec_aupr_opt_thr: 0.8601561690213388
2022-09-14 00:02:19,434 - root - INFO - Test statistics: Old nodes -- rec_aupr_opt_thr: 0.7455002000800321
2022-09-14 00:02:19,434 - root - INFO - Test statistics: Old nodes -- f1_aupr_opt_thr: 0.7971086831960703
2022-09-14 00:02:19,434 - root - INFO - Test statistics: Old nodes -- acc_thr_0.5: 0.615077030812325
2022-09-14 00:02:19,434 - root - INFO - Test statistics: Old nodes -- prec_thr_0.5: 0.5723493519170502
2022-09-14 00:02:19,434 - root - INFO - Test statistics: Old nodes -- rec_thr_0.5: 0.9117226890756303
2022-09-14 00:02:19,434 - root - INFO - Test statistics: Old nodes -- f1_thr_0.5: 0.7031098392019783
2022-09-14 00:02:19,435 - root - INFO - Test statistics: New nodes -- ap: 0.8019948417734232
2022-09-14 00:02:19,435 - root - INFO - Test statistics: New nodes -- au_roc_score: 0.7286084003164222
2022-09-14 00:02:19,435 - root - INFO - Test statistics: New nodes -- opt_thr_au_roc: 0.9711689949035645
2022-09-14 00:02:19,435 - root - INFO - Test statistics: New nodes -- acc_auroc_opt_thr: 0.7389598420013166
2022-09-14 00:02:19,435 - root - INFO - Test statistics: New nodes -- prec_auroc_opt_thr: 0.8577451896099642
2022-09-14 00:02:19,435 - root - INFO - Test statistics: New nodes -- rec_auroc_opt_thr: 0.5751283739302172
2022-09-14 00:02:19,435 - root - INFO - Test statistics: New nodes -- f1_auroc_opt_thr: 0.6863011181332613
2022-09-14 00:02:19,435 - root - INFO - Test statistics: New nodes -- au_pr_score: 0.8014853565316827
2022-09-14 00:02:19,435 - root - INFO - Test statistics: New nodes -- opt_thr_au_pr: 0.7638306617736816
2022-09-14 00:02:19,435 - root - INFO - Test statistics: New nodes -- acc_aupr_opt_thr: 0.6928225806451612
2022-09-14 00:02:19,435 - root - INFO - Test statistics: New nodes -- prec_aupr_opt_thr: 0.7420204008852422
2022-09-14 00:02:19,435 - root - INFO - Test statistics: New nodes -- rec_aupr_opt_thr: 0.7189236339697169
2022-09-14 00:02:19,436 - root - INFO - Test statistics: New nodes -- f1_aupr_opt_thr: 0.7052019478498074
2022-09-14 00:02:19,436 - root - INFO - Test statistics: New nodes -- acc_thr_0.5: 0.5108294930875577
2022-09-14 00:02:19,436 - root - INFO - Test statistics: New nodes -- prec_thr_0.5: 0.5087803222932262
2022-09-14 00:02:19,436 - root - INFO - Test statistics: New nodes -- rec_thr_0.5: 0.8973370638578013
2022-09-14 00:02:19,436 - root - INFO - Test statistics: New nodes -- f1_thr_0.5: 0.648419710508775
2022-09-14 00:02:19,436 - root - INFO - Info: Run 0 elapsed time: 34.235697507858276 seconds.
2022-09-14 00:02:19,436 - root - INFO - ************************************
2022-09-14 00:02:19,436 - root - INFO - *********** Run 1 starts *************
2022-09-14 00:02:47,833 - root - INFO - Performance of the tgn model for the test set.
2022-09-14 00:02:47,834 - root - INFO - Network Name: wikipedia, Model: tgn
2022-09-14 00:02:47,834 - root - INFO - Test statistics: *** Old Nodes (Transductive) ***
2022-09-14 00:02:47,834 - root - INFO - Test statistics: Old nodes -- auc_inherent: 0.8433509008365251
2022-09-14 00:02:47,834 - root - INFO - Test statistics: Old nodes -- ap_inherent: 0.8837589126907219
2022-09-14 00:02:47,834 - root - INFO - Test statistics: New nodes -- auc_inherent: 0.7253053972265286
2022-09-14 00:02:47,834 - root - INFO - Test statistics: New nodes -- ap_inherent: 0.7967048039993009
2022-09-14 00:02:47,834 - root - INFO - Test statistics: Old nodes -- ap: 0.8837589126907219
2022-09-14 00:02:47,834 - root - INFO - Test statistics: Old nodes -- au_roc_score: 0.8433509008365251
2022-09-14 00:02:47,834 - root - INFO - Test statistics: Old nodes -- opt_thr_au_roc: 0.959760308265686
2022-09-14 00:02:47,834 - root - INFO - Test statistics: Old nodes -- acc_auroc_opt_thr: 0.8082002801120448
2022-09-14 00:02:47,834 - root - INFO - Test statistics: Old nodes -- prec_auroc_opt_thr: 0.8988092000227201
2022-09-14 00:02:47,835 - root - INFO - Test statistics: Old nodes -- rec_auroc_opt_thr: 0.6958543417366946
2022-09-14 00:02:47,835 - root - INFO - Test statistics: Old nodes -- f1_auroc_opt_thr: 0.782698244730557
2022-09-14 00:02:47,835 - root - INFO - Test statistics: Old nodes -- au_pr_score: 0.8834953899220548
2022-09-14 00:02:47,835 - root - INFO - Test statistics: Old nodes -- opt_thr_au_pr: 0.9353320598602295
2022-09-14 00:02:47,835 - root - INFO - Test statistics: Old nodes -- acc_aupr_opt_thr: 0.8030532212885153
2022-09-14 00:02:47,835 - root - INFO - Test statistics: Old nodes -- prec_aupr_opt_thr: 0.8549125085327809
2022-09-14 00:02:47,835 - root - INFO - Test statistics: Old nodes -- rec_aupr_opt_thr: 0.7344297719087635
2022-09-14 00:02:47,835 - root - INFO - Test statistics: Old nodes -- f1_aupr_opt_thr: 0.7882249681781982
2022-09-14 00:02:47,835 - root - INFO - Test statistics: Old nodes -- acc_thr_0.5: 0.6316096438575431
2022-09-14 00:02:47,835 - root - INFO - Test statistics: Old nodes -- prec_thr_0.5: 0.58580541636987
2022-09-14 00:02:47,835 - root - INFO - Test statistics: Old nodes -- rec_thr_0.5: 0.899263705482193
2022-09-14 00:02:47,835 - root - INFO - Test statistics: Old nodes -- f1_thr_0.5: 0.7093450399194942
2022-09-14 00:02:47,835 - root - INFO - Test statistics: New nodes -- ap: 0.7967048039993009
2022-09-14 00:02:47,836 - root - INFO - Test statistics: New nodes -- au_roc_score: 0.7253053972265286
2022-09-14 00:02:47,836 - root - INFO - Test statistics: New nodes -- opt_thr_au_roc: 0.9806523323059082
2022-09-14 00:02:47,836 - root - INFO - Test statistics: New nodes -- acc_auroc_opt_thr: 0.7357307439104673
2022-09-14 00:02:47,836 - root - INFO - Test statistics: New nodes -- prec_auroc_opt_thr: 0.8509352944947471
2022-09-14 00:02:47,836 - root - INFO - Test statistics: New nodes -- rec_auroc_opt_thr: 0.5726333113890717
2022-09-14 00:02:47,836 - root - INFO - Test statistics: New nodes -- f1_auroc_opt_thr: 0.6815067751910892
2022-09-14 00:02:47,836 - root - INFO - Test statistics: New nodes -- au_pr_score: 0.7961718424731637
2022-09-14 00:02:47,836 - root - INFO - Test statistics: New nodes -- opt_thr_au_pr: 0.740013062953949
2022-09-14 00:02:47,836 - root - INFO - Test statistics: New nodes -- acc_aupr_opt_thr: 0.6844552337063858
2022-09-14 00:02:47,836 - root - INFO - Test statistics: New nodes -- prec_aupr_opt_thr: 0.7239624142727901
2022-09-14 00:02:47,836 - root - INFO - Test statistics: New nodes -- rec_aupr_opt_thr: 0.7371099407504937
2022-09-14 00:02:47,836 - root - INFO - Test statistics: New nodes -- f1_aupr_opt_thr: 0.7045163183191349
2022-09-14 00:02:47,837 - root - INFO - Test statistics: New nodes -- acc_thr_0.5: 0.5213857801184989
2022-09-14 00:02:47,837 - root - INFO - Test statistics: New nodes -- prec_thr_0.5: 0.5144717296181045
2022-09-14 00:02:47,837 - root - INFO - Test statistics: New nodes -- rec_thr_0.5: 0.8876267281105991
2022-09-14 00:02:47,837 - root - INFO - Test statistics: New nodes -- f1_thr_0.5: 0.650598428290082
2022-09-14 00:02:47,837 - root - INFO - Info: Run 1 elapsed time: 28.40078353881836 seconds.
2022-09-14 00:02:47,837 - root - INFO - ************************************
2022-09-14 00:02:47,837 - root - INFO - *********** Run 2 starts *************
2022-09-14 00:03:15,816 - root - INFO - Performance of the tgn model for the test set.
2022-09-14 00:03:15,816 - root - INFO - Network Name: wikipedia, Model: tgn
2022-09-14 00:03:15,817 - root - INFO - Test statistics: *** Old Nodes (Transductive) ***
2022-09-14 00:03:15,817 - root - INFO - Test statistics: Old nodes -- auc_inherent: 0.8401340255149679
2022-09-14 00:03:15,817 - root - INFO - Test statistics: Old nodes -- ap_inherent: 0.8813527230327333
2022-09-14 00:03:15,817 - root - INFO - Test statistics: New nodes -- auc_inherent: 0.719777726220561
2022-09-14 00:03:15,817 - root - INFO - Test statistics: New nodes -- ap_inherent: 0.7971947598061437
2022-09-14 00:03:15,817 - root - INFO - Test statistics: Old nodes -- ap: 0.8813527230327333
2022-09-14 00:03:15,817 - root - INFO - Test statistics: Old nodes -- au_roc_score: 0.8401340255149679
2022-09-14 00:03:15,817 - root - INFO - Test statistics: Old nodes -- opt_thr_au_roc: 0.9479053616523743
2022-09-14 00:03:15,817 - root - INFO - Test statistics: Old nodes -- acc_auroc_opt_thr: 0.8061414565826333
2022-09-14 00:03:15,817 - root - INFO - Test statistics: Old nodes -- prec_auroc_opt_thr: 0.8975624577956197
2022-09-14 00:03:15,817 - root - INFO - Test statistics: Old nodes -- rec_auroc_opt_thr: 0.6927050820328131
2022-09-14 00:03:15,817 - root - INFO - Test statistics: Old nodes -- f1_auroc_opt_thr: 0.7802754768190486
2022-09-14 00:03:15,817 - root - INFO - Test statistics: Old nodes -- au_pr_score: 0.8810732753594236
2022-09-14 00:03:15,818 - root - INFO - Test statistics: Old nodes -- opt_thr_au_pr: 0.9231399893760681
2022-09-14 00:03:15,818 - root - INFO - Test statistics: Old nodes -- acc_aupr_opt_thr: 0.8020868347338936
2022-09-14 00:03:15,818 - root - INFO - Test statistics: Old nodes -- prec_aupr_opt_thr: 0.8562811471539586
2022-09-14 00:03:15,818 - root - INFO - Test statistics: Old nodes -- rec_aupr_opt_thr: 0.7302681072428971
2022-09-14 00:03:15,818 - root - INFO - Test statistics: Old nodes -- f1_aupr_opt_thr: 0.7864746622369823
2022-09-14 00:03:15,818 - root - INFO - Test statistics: Old nodes -- acc_thr_0.5: 0.6161384553821527
2022-09-14 00:03:15,818 - root - INFO - Test statistics: Old nodes -- prec_thr_0.5: 0.5734104634947275
2022-09-14 00:03:15,818 - root - INFO - Test statistics: Old nodes -- rec_thr_0.5: 0.9087394957983194
2022-09-14 00:03:15,818 - root - INFO - Test statistics: Old nodes -- f1_thr_0.5: 0.7030264181475051
2022-09-14 00:03:15,818 - root - INFO - Test statistics: New nodes -- ap: 0.7971947598061437
2022-09-14 00:03:15,818 - root - INFO - Test statistics: New nodes -- au_roc_score: 0.719777726220561
2022-09-14 00:03:15,818 - root - INFO - Test statistics: New nodes -- opt_thr_au_roc: 0.9758123159408569
2022-09-14 00:03:15,818 - root - INFO - Test statistics: New nodes -- acc_auroc_opt_thr: 0.7368828176431863
2022-09-14 00:03:15,819 - root - INFO - Test statistics: New nodes -- prec_auroc_opt_thr: 0.8870956087783549
2022-09-14 00:03:15,819 - root - INFO - Test statistics: New nodes -- rec_auroc_opt_thr: 0.5453719552337064
2022-09-14 00:03:15,819 - root - INFO - Test statistics: New nodes -- f1_auroc_opt_thr: 0.6716171200128818
2022-09-14 00:03:15,819 - root - INFO - Test statistics: New nodes -- au_pr_score: 0.7966077930072499
2022-09-14 00:03:15,819 - root - INFO - Test statistics: New nodes -- opt_thr_au_pr: 0.6735202074050903
2022-09-14 00:03:15,819 - root - INFO - Test statistics: New nodes -- acc_aupr_opt_thr: 0.6557883475971034
2022-09-14 00:03:15,819 - root - INFO - Test statistics: New nodes -- prec_aupr_opt_thr: 0.717223699728219
2022-09-14 00:03:15,819 - root - INFO - Test statistics: New nodes -- rec_aupr_opt_thr: 0.726734693877551
2022-09-14 00:03:15,819 - root - INFO - Test statistics: New nodes -- f1_aupr_opt_thr: 0.6680214437401641
2022-09-14 00:03:15,819 - root - INFO - Test statistics: New nodes -- acc_thr_0.5: 0.516589861751152
2022-09-14 00:03:15,819 - root - INFO - Test statistics: New nodes -- prec_thr_0.5: 0.5110228494398504
2022-09-14 00:03:15,819 - root - INFO - Test statistics: New nodes -- rec_thr_0.5: 0.897353522053983
2022-09-14 00:03:15,819 - root - INFO - Test statistics: New nodes -- f1_thr_0.5: 0.6506664865458287
2022-09-14 00:03:15,820 - root - INFO - Info: Run 2 elapsed time: 27.98268699645996 seconds.
2022-09-14 00:03:15,820 - root - INFO - ************************************
2022-09-14 00:03:15,820 - root - INFO - *********** Run 3 starts *************
2022-09-14 00:03:44,603 - root - INFO - Performance of the tgn model for the test set.
2022-09-14 00:03:44,604 - root - INFO - Network Name: wikipedia, Model: tgn
2022-09-14 00:03:44,604 - root - INFO - Test statistics: *** Old Nodes (Transductive) ***
2022-09-14 00:03:44,604 - root - INFO - Test statistics: Old nodes -- auc_inherent: 0.8413114155185883
2022-09-14 00:03:44,604 - root - INFO - Test statistics: Old nodes -- ap_inherent: 0.8822112873471378
2022-09-14 00:03:44,604 - root - INFO - Test statistics: New nodes -- auc_inherent: 0.7126743966212915
2022-09-14 00:03:44,604 - root - INFO - Test statistics: New nodes -- ap_inherent: 0.7911481526723815
2022-09-14 00:03:44,604 - root - INFO - Test statistics: Old nodes -- ap: 0.8822112873471378
2022-09-14 00:03:44,604 - root - INFO - Test statistics: Old nodes -- au_roc_score: 0.8413114155185883
2022-09-14 00:03:44,604 - root - INFO - Test statistics: Old nodes -- opt_thr_au_roc: 0.9676464796066284
2022-09-14 00:03:44,604 - root - INFO - Test statistics: Old nodes -- acc_auroc_opt_thr: 0.8064995998399358
2022-09-14 00:03:44,604 - root - INFO - Test statistics: Old nodes -- prec_auroc_opt_thr: 0.8957206343909992
2022-09-14 00:03:44,604 - root - INFO - Test statistics: Old nodes -- rec_auroc_opt_thr: 0.6964025610244098
2022-09-14 00:03:44,604 - root - INFO - Test statistics: Old nodes -- f1_auroc_opt_thr: 0.7815207763983646
2022-09-14 00:03:44,605 - root - INFO - Test statistics: Old nodes -- au_pr_score: 0.8819448991124088
2022-09-14 00:03:44,605 - root - INFO - Test statistics: Old nodes -- opt_thr_au_pr: 0.9487956762313843
2022-09-14 00:03:44,605 - root - INFO - Test statistics: Old nodes -- acc_aupr_opt_thr: 0.8022559023609442
2022-09-14 00:03:44,605 - root - INFO - Test statistics: Old nodes -- prec_aupr_opt_thr: 0.8547639667031983
2022-09-14 00:03:44,605 - root - INFO - Test statistics: Old nodes -- rec_aupr_opt_thr: 0.7320748299319728
2022-09-14 00:03:44,605 - root - INFO - Test statistics: Old nodes -- f1_aupr_opt_thr: 0.7871260861476087
2022-09-14 00:03:44,605 - root - INFO - Test statistics: Old nodes -- acc_thr_0.5: 0.6258943577430973
2022-09-14 00:03:44,605 - root - INFO - Test statistics: Old nodes -- prec_thr_0.5: 0.5814797553181512
2022-09-14 00:03:44,605 - root - INFO - Test statistics: Old nodes -- rec_thr_0.5: 0.9007763105242096
2022-09-14 00:03:44,605 - root - INFO - Test statistics: Old nodes -- f1_thr_0.5: 0.7065511990759401
2022-09-14 00:03:44,605 - root - INFO - Test statistics: New nodes -- ap: 0.7911481526723815
2022-09-14 00:03:44,606 - root - INFO - Test statistics: New nodes -- au_roc_score: 0.7126743966212915
2022-09-14 00:03:44,606 - root - INFO - Test statistics: New nodes -- opt_thr_au_roc: 0.989357590675354
2022-09-14 00:03:44,606 - root - INFO - Test statistics: New nodes -- acc_auroc_opt_thr: 0.727063857801185
2022-09-14 00:03:44,606 - root - INFO - Test statistics: New nodes -- prec_auroc_opt_thr: 0.8743846029776929
2022-09-14 00:03:44,606 - root - INFO - Test statistics: New nodes -- rec_auroc_opt_thr: 0.5323271889400921
2022-09-14 00:03:44,606 - root - INFO - Test statistics: New nodes -- f1_auroc_opt_thr: 0.6577660194007919
2022-09-14 00:03:44,606 - root - INFO - Test statistics: New nodes -- au_pr_score: 0.7906440621464877
2022-09-14 00:03:44,606 - root - INFO - Test statistics: New nodes -- opt_thr_au_pr: 0.5638361573219299
2022-09-14 00:03:44,606 - root - INFO - Test statistics: New nodes -- acc_aupr_opt_thr: 0.6366178406846609
2022-09-14 00:03:44,606 - root - INFO - Test statistics: New nodes -- prec_aupr_opt_thr: 0.6728673956692689
2022-09-14 00:03:44,606 - root - INFO - Test statistics: New nodes -- rec_aupr_opt_thr: 0.7997662936142199
2022-09-14 00:03:44,606 - root - INFO - Test statistics: New nodes -- f1_aupr_opt_thr: 0.693303467732955
2022-09-14 00:03:44,606 - root - INFO - Test statistics: New nodes -- acc_thr_0.5: 0.5115437788018433
2022-09-14 00:03:44,607 - root - INFO - Test statistics: New nodes -- prec_thr_0.5: 0.5088526928692559
2022-09-14 00:03:44,607 - root - INFO - Test statistics: New nodes -- rec_thr_0.5: 0.8900032916392363
2022-09-14 00:03:44,607 - root - INFO - Test statistics: New nodes -- f1_thr_0.5: 0.6467220033458662
2022-09-14 00:03:44,607 - root - INFO - Info: Run 3 elapsed time: 28.787139177322388 seconds.
2022-09-14 00:03:44,607 - root - INFO - ************************************
2022-09-14 00:03:44,607 - root - INFO - *********** Run 4 starts *************
2022-09-14 00:04:13,190 - root - INFO - Performance of the tgn model for the test set.
2022-09-14 00:04:13,190 - root - INFO - Network Name: wikipedia, Model: tgn
2022-09-14 00:04:13,191 - root - INFO - Test statistics: *** Old Nodes (Transductive) ***
2022-09-14 00:04:13,191 - root - INFO - Test statistics: Old nodes -- auc_inherent: 0.8446848034451875
2022-09-14 00:04:13,191 - root - INFO - Test statistics: Old nodes -- ap_inherent: 0.8867502927281453
2022-09-14 00:04:13,191 - root - INFO - Test statistics: New nodes -- auc_inherent: 0.7289844074518466
2022-09-14 00:04:13,191 - root - INFO - Test statistics: New nodes -- ap_inherent: 0.8091645706272388
2022-09-14 00:04:13,191 - root - INFO - Test statistics: Old nodes -- ap: 0.8867502927281453
2022-09-14 00:04:13,191 - root - INFO - Test statistics: Old nodes -- au_roc_score: 0.8446848034451875
2022-09-14 00:04:13,191 - root - INFO - Test statistics: Old nodes -- opt_thr_au_roc: 0.9577552676200867
2022-09-14 00:04:13,191 - root - INFO - Test statistics: Old nodes -- acc_auroc_opt_thr: 0.8105642256902763
2022-09-14 00:04:13,191 - root - INFO - Test statistics: Old nodes -- prec_auroc_opt_thr: 0.9054955021950408
2022-09-14 00:04:13,191 - root - INFO - Test statistics: Old nodes -- rec_auroc_opt_thr: 0.6951640656262505
2022-09-14 00:04:13,191 - root - INFO - Test statistics: Old nodes -- f1_auroc_opt_thr: 0.7848355202329665
2022-09-14 00:04:13,192 - root - INFO - Test statistics: Old nodes -- au_pr_score: 0.8865022722698559
2022-09-14 00:04:13,192 - root - INFO - Test statistics: Old nodes -- opt_thr_au_pr: 0.9321807622909546
2022-09-14 00:04:13,192 - root - INFO - Test statistics: Old nodes -- acc_aupr_opt_thr: 0.8054171668667469
2022-09-14 00:04:13,192 - root - INFO - Test statistics: Old nodes -- prec_aupr_opt_thr: 0.8610151743292614
2022-09-14 00:04:13,192 - root - INFO - Test statistics: Old nodes -- rec_aupr_opt_thr: 0.7352060824329734
2022-09-14 00:04:13,192 - root - INFO - Test statistics: Old nodes -- f1_aupr_opt_thr: 0.7906701375489431
2022-09-14 00:04:13,192 - root - INFO - Test statistics: Old nodes -- acc_thr_0.5: 0.6143087234893958
2022-09-14 00:04:13,192 - root - INFO - Test statistics: Old nodes -- prec_thr_0.5: 0.5718358501184917
2022-09-14 00:04:13,192 - root - INFO - Test statistics: Old nodes -- rec_thr_0.5: 0.9117627050820328
2022-09-14 00:04:13,192 - root - INFO - Test statistics: Old nodes -- f1_thr_0.5: 0.7027292817411585
2022-09-14 00:04:13,192 - root - INFO - Test statistics: New nodes -- ap: 0.8091645706272388
2022-09-14 00:04:13,192 - root - INFO - Test statistics: New nodes -- au_roc_score: 0.7289844074518466
2022-09-14 00:04:13,193 - root - INFO - Test statistics: New nodes -- opt_thr_au_roc: 0.9799109697341919
2022-09-14 00:04:13,193 - root - INFO - Test statistics: New nodes -- acc_auroc_opt_thr: 0.7444914417379854
2022-09-14 00:04:13,193 - root - INFO - Test statistics: New nodes -- prec_auroc_opt_thr: 0.8862531469059698
2022-09-14 00:04:13,193 - root - INFO - Test statistics: New nodes -- rec_auroc_opt_thr: 0.5635187623436472
2022-09-14 00:04:13,193 - root - INFO - Test statistics: New nodes -- f1_auroc_opt_thr: 0.6852783031929255
2022-09-14 00:04:13,193 - root - INFO - Test statistics: New nodes -- au_pr_score: 0.8087259197647989
2022-09-14 00:04:13,193 - root - INFO - Test statistics: New nodes -- opt_thr_au_pr: 0.7487602233886719
2022-09-14 00:04:13,193 - root - INFO - Test statistics: New nodes -- acc_aupr_opt_thr: 0.6891458196181698
2022-09-14 00:04:13,193 - root - INFO - Test statistics: New nodes -- prec_aupr_opt_thr: 0.7422937449649352
2022-09-14 00:04:13,193 - root - INFO - Test statistics: New nodes -- rec_aupr_opt_thr: 0.7237063857801185
2022-09-14 00:04:13,193 - root - INFO - Test statistics: New nodes -- f1_aupr_opt_thr: 0.7041720433785589
2022-09-14 00:04:13,193 - root - INFO - Test statistics: New nodes -- acc_thr_0.5: 0.5109990125082291
2022-09-14 00:04:13,193 - root - INFO - Test statistics: New nodes -- prec_thr_0.5: 0.5078646786576637
2022-09-14 00:04:13,193 - root - INFO - Test statistics: New nodes -- rec_thr_0.5: 0.9010236998025016
2022-09-14 00:04:13,194 - root - INFO - Test statistics: New nodes -- f1_thr_0.5: 0.6489889284294106
2022-09-14 00:04:13,194 - root - INFO - Info: Run 4 elapsed time: 28.586779832839966 seconds.
2022-09-14 00:04:13,194 - root - INFO - Info: Total elapsed time: 147.9934799671173 seconds.
